<?xml version="1.0" ?>
<!DOCTYPE coverage SYSTEM "http://cobertura.sourceforge.net/xml/coverage-04.dtd">
<coverage lines-valid="8014" lines-covered="326" line-rate="0.0407" branches-valid="4021" branches-covered="19" branch-rate="0.004699999999999999" timestamp="1632464158780" complexity="0" version="0.1">
  <sources>
    <source>C:\Users\advsharm\Documents\web-authentication</source>
  </sources>
  <packages>
    <package name="src" line-rate="0" branch-rate="0">
      <classes>
        <class name="index.js" filename="src\index.js" line-rate="0" branch-rate="0">
          <methods>
            <method name="(anonymous_0)" hits="0" signature="()V">
              <lines>
                <line number="37" hits="0"/>
              </lines>
            </method>
            <method name="(anonymous_1)" hits="0" signature="()V">
              <lines>
                <line number="40" hits="0"/>
              </lines>
            </method>
            <method name="(anonymous_2)" hits="0" signature="()V">
              <lines>
                <line number="43" hits="0"/>
              </lines>
            </method>
            <method name="(anonymous_3)" hits="0" signature="()V">
              <lines>
                <line number="67" hits="0"/>
              </lines>
            </method>
          </methods>
          <lines>
            <line number="1" hits="0" branch="false"/>
            <line number="2" hits="0" branch="false"/>
            <line number="3" hits="0" branch="false"/>
            <line number="4" hits="0" branch="false"/>
            <line number="5" hits="0" branch="false"/>
            <line number="6" hits="0" branch="false"/>
            <line number="7" hits="0" branch="false"/>
            <line number="8" hits="0" branch="false"/>
            <line number="9" hits="0" branch="false"/>
            <line number="10" hits="0" branch="false"/>
            <line number="11" hits="0" branch="false"/>
            <line number="12" hits="0" branch="false"/>
            <line number="13" hits="0" branch="false"/>
            <line number="14" hits="0" branch="false"/>
            <line number="15" hits="0" branch="false"/>
            <line number="16" hits="0" branch="false"/>
            <line number="17" hits="0" branch="false"/>
            <line number="19" hits="0" branch="false"/>
            <line number="20" hits="0" branch="false"/>
            <line number="21" hits="0" branch="false"/>
            <line number="23" hits="0" branch="false"/>
            <line number="31" hits="0" branch="false"/>
            <line number="32" hits="0" branch="false"/>
            <line number="33" hits="0" branch="false"/>
            <line number="35" hits="0" branch="false"/>
            <line number="37" hits="0" branch="false"/>
            <line number="38" hits="0" branch="false"/>
            <line number="39" hits="0" branch="false"/>
            <line number="40" hits="0" branch="false"/>
            <line number="42" hits="0" branch="false"/>
            <line number="43" hits="0" branch="false"/>
            <line number="44" hits="0" branch="false"/>
            <line number="45" hits="0" branch="false"/>
            <line number="48" hits="0" branch="false"/>
            <line number="50" hits="0" branch="false"/>
            <line number="52" hits="0" branch="false"/>
            <line number="53" hits="0" branch="false"/>
            <line number="54" hits="0" branch="false"/>
            <line number="55" hits="0" branch="false"/>
            <line number="56" hits="0" branch="false"/>
            <line number="57" hits="0" branch="false"/>
            <line number="59" hits="0" branch="false"/>
            <line number="64" hits="0" branch="false"/>
            <line number="66" hits="0" branch="false"/>
            <line number="67" hits="0" branch="false"/>
            <line number="68" hits="0" branch="false"/>
            <line number="69" hits="0" branch="false"/>
            <line number="71" hits="0" branch="false"/>
            <line number="74" hits="0" branch="false"/>
            <line number="75" hits="0" branch="true" condition-coverage="0% (0/2)"/>
            <line number="76" hits="0" branch="false"/>
            <line number="79" hits="0" branch="false"/>
            <line number="80" hits="0" branch="false"/>
            <line number="81" hits="0" branch="false"/>
            <line number="82" hits="0" branch="false"/>
            <line number="83" hits="0" branch="false"/>
            <line number="84" hits="0" branch="false"/>
            <line number="85" hits="0" branch="false"/>
            <line number="86" hits="0" branch="false"/>
            <line number="89" hits="0" branch="false"/>
            <line number="91" hits="0" branch="false"/>
            <line number="92" hits="0" branch="false"/>
            <line number="106" hits="0" branch="false"/>
          </lines>
        </class>
        <class name="pm2.js" filename="src\pm2.js" line-rate="0" branch-rate="0">
          <methods>
            <method name="(anonymous_0)" hits="0" signature="()V">
              <lines>
                <line number="9" hits="0"/>
              </lines>
            </method>
            <method name="(anonymous_1)" hits="0" signature="()V">
              <lines>
                <line number="18" hits="0"/>
              </lines>
            </method>
            <method name="(anonymous_2)" hits="0" signature="()V">
              <lines>
                <line number="27" hits="0"/>
              </lines>
            </method>
            <method name="(anonymous_3)" hits="0" signature="()V">
              <lines>
                <line number="30" hits="0"/>
              </lines>
            </method>
            <method name="(anonymous_4)" hits="0" signature="()V">
              <lines>
                <line number="34" hits="0"/>
              </lines>
            </method>
          </methods>
          <lines>
            <line number="1" hits="0" branch="false"/>
            <line number="2" hits="0" branch="false"/>
            <line number="3" hits="0" branch="false"/>
            <line number="6" hits="0" branch="true" condition-coverage="0% (0/2)"/>
            <line number="7" hits="0" branch="true" condition-coverage="0% (0/2)"/>
            <line number="9" hits="0" branch="false"/>
            <line number="10" hits="0" branch="false"/>
            <line number="19" hits="0" branch="true" condition-coverage="0% (0/2)"/>
            <line number="20" hits="0" branch="true" condition-coverage="0% (0/2)"/>
            <line number="21" hits="0" branch="false"/>
            <line number="24" hits="0" branch="false"/>
            <line number="27" hits="0" branch="false"/>
            <line number="28" hits="0" branch="false"/>
            <line number="30" hits="0" branch="false"/>
            <line number="31" hits="0" branch="false"/>
            <line number="34" hits="0" branch="false"/>
            <line number="35" hits="0" branch="false"/>
          </lines>
        </class>
        <class name="swagger.js" filename="src\swagger.js" line-rate="0" branch-rate="1">
          <methods>
          </methods>
          <lines>
            <line number="1" hits="0" branch="false"/>
            <line number="3" hits="0" branch="false"/>
          </lines>
        </class>
      </classes>
    </package>
    <package name="src.abn" line-rate="0" branch-rate="0">
      <classes>
        <class name="index.js" filename="src\abn\index.js" line-rate="0" branch-rate="0">
          <methods>
            <method name="(anonymous_0)" hits="0" signature="()V">
              <lines>
                <line number="8" hits="0"/>
              </lines>
            </method>
            <method name="(anonymous_1)" hits="0" signature="()V">
              <lines>
                <line number="25" hits="0"/>
              </lines>
            </method>
            <method name="(anonymous_2)" hits="0" signature="()V">
              <lines>
                <line number="28" hits="0"/>
              </lines>
            </method>
            <method name="(anonymous_3)" hits="0" signature="()V">
              <lines>
                <line number="31" hits="0"/>
              </lines>
            </method>
            <method name="(anonymous_4)" hits="0" signature="()V">
              <lines>
                <line number="40" hits="0"/>
              </lines>
            </method>
            <method name="(anonymous_5)" hits="0" signature="()V">
              <lines>
                <line number="56" hits="0"/>
              </lines>
            </method>
          </methods>
          <lines>
            <line number="2" hits="0" branch="false"/>
            <line number="4" hits="0" branch="false"/>
            <line number="5" hits="0" branch="false"/>
            <line number="9" hits="0" branch="false"/>
            <line number="10" hits="0" branch="false"/>
            <line number="26" hits="0" branch="false"/>
            <line number="27" hits="0" branch="false"/>
            <line number="28" hits="0" branch="false"/>
            <line number="32" hits="0" branch="false"/>
            <line number="41" hits="0" branch="false"/>
            <line number="48" hits="0" branch="false"/>
            <line number="57" hits="0" branch="false"/>
            <line number="61" hits="0" branch="false"/>
          </lines>
        </class>
      </classes>
    </package>
    <package name="src.api" line-rate="0" branch-rate="0">
      <classes>
        <class name="applepay.js" filename="src\api\applepay.js" line-rate="0" branch-rate="1">
          <methods>
            <method name="(anonymous_0)" hits="0" signature="()V">
              <lines>
                <line number="5" hits="0"/>
              </lines>
            </method>
          </methods>
          <lines>
            <line number="1" hits="0" branch="false"/>
            <line number="2" hits="0" branch="false"/>
            <line number="4" hits="0" branch="false"/>
            <line number="6" hits="0" branch="false"/>
          </lines>
        </class>
        <class name="atlas.js" filename="src\api\atlas.js" line-rate="0" branch-rate="0">
          <methods>
            <method name="(anonymous_0)" hits="0" signature="()V">
              <lines>
                <line number="6" hits="0"/>
              </lines>
            </method>
            <method name="(anonymous_1)" hits="0" signature="()V">
              <lines>
                <line number="45" hits="0"/>
              </lines>
            </method>
          </methods>
          <lines>
            <line number="1" hits="0" branch="false"/>
            <line number="2" hits="0" branch="false"/>
            <line number="3" hits="0" branch="false"/>
            <line number="5" hits="0" branch="false"/>
            <line number="7" hits="0" branch="true" condition-coverage="0% (0/2)"/>
            <line number="8" hits="0" branch="false"/>
            <line number="11" hits="0" branch="true" condition-coverage="0% (0/2)"/>
            <line number="12" hits="0" branch="false"/>
            <line number="15" hits="0" branch="true" condition-coverage="0% (0/2)"/>
            <line number="16" hits="0" branch="false"/>
            <line number="18" hits="0" branch="true" condition-coverage="0% (0/2)"/>
            <line number="20" hits="0" branch="false"/>
            <line number="27" hits="0" branch="false"/>
            <line number="36" hits="0" branch="true" condition-coverage="0% (0/2)"/>
            <line number="37" hits="0" branch="false"/>
            <line number="42" hits="0" branch="false"/>
            <line number="46" hits="0" branch="true" condition-coverage="0% (0/2)"/>
            <line number="47" hits="0" branch="false"/>
            <line number="49" hits="0" branch="true" condition-coverage="0% (0/2)"/>
            <line number="50" hits="0" branch="false"/>
            <line number="52" hits="0" branch="true" condition-coverage="0% (0/2)"/>
            <line number="53" hits="0" branch="false"/>
            <line number="55" hits="0" branch="true" condition-coverage="0% (0/2)"/>
            <line number="56" hits="0" branch="false"/>
            <line number="58" hits="0" branch="true" condition-coverage="0% (0/2)"/>
            <line number="59" hits="0" branch="false"/>
            <line number="61" hits="0" branch="true" condition-coverage="0% (0/2)"/>
            <line number="62" hits="0" branch="false"/>
            <line number="64" hits="0" branch="false"/>
          </lines>
        </class>
        <class name="auth.js" filename="src\api\auth.js" line-rate="0" branch-rate="0">
          <methods>
            <method name="(anonymous_0)" hits="0" signature="()V">
              <lines>
                <line number="7" hits="0"/>
              </lines>
            </method>
            <method name="(anonymous_1)" hits="0" signature="()V">
              <lines>
                <line number="30" hits="0"/>
              </lines>
            </method>
          </methods>
          <lines>
            <line number="1" hits="0" branch="false"/>
            <line number="2" hits="0" branch="false"/>
            <line number="3" hits="0" branch="false"/>
            <line number="4" hits="0" branch="false"/>
            <line number="6" hits="0" branch="false"/>
            <line number="8" hits="0" branch="true" condition-coverage="0% (0/2)"/>
            <line number="9" hits="0" branch="false"/>
            <line number="12" hits="0" branch="true" condition-coverage="0% (0/2)"/>
            <line number="13" hits="0" branch="false"/>
            <line number="16" hits="0" branch="true" condition-coverage="0% (0/2)"/>
            <line number="17" hits="0" branch="false"/>
            <line number="20" hits="0" branch="true" condition-coverage="0% (0/2)"/>
            <line number="22" hits="0" branch="false"/>
            <line number="23" hits="0" branch="true" condition-coverage="0% (0/2)"/>
            <line number="25" hits="0" branch="false"/>
            <line number="27" hits="0" branch="false"/>
            <line number="31" hits="0" branch="true" condition-coverage="0% (0/2)"/>
            <line number="32" hits="0" branch="false"/>
            <line number="35" hits="0" branch="true" condition-coverage="0% (0/2)"/>
            <line number="36" hits="0" branch="false"/>
            <line number="39" hits="0" branch="true" condition-coverage="0% (0/2)"/>
            <line number="41" hits="0" branch="false"/>
            <line number="42" hits="0" branch="true" condition-coverage="0% (0/2)"/>
            <line number="44" hits="0" branch="false"/>
            <line number="46" hits="0" branch="false"/>
          </lines>
        </class>
        <class name="calling.js" filename="src\api\calling.js" line-rate="0" branch-rate="0">
          <methods>
            <method name="(anonymous_0)" hits="0" signature="()V">
              <lines>
                <line number="5" hits="0"/>
              </lines>
            </method>
            <method name="(anonymous_1)" hits="0" signature="()V">
              <lines>
                <line number="12" hits="0"/>
              </lines>
            </method>
            <method name="(anonymous_2)" hits="0" signature="()V">
              <lines>
                <line number="16" hits="0"/>
              </lines>
            </method>
            <method name="(anonymous_3)" hits="0" signature="()V">
              <lines>
                <line number="25" hits="0"/>
              </lines>
            </method>
          </methods>
          <lines>
            <line number="1" hits="0" branch="false"/>
            <line number="2" hits="0" branch="false"/>
            <line number="4" hits="0" branch="false"/>
            <line number="6" hits="0" branch="true" condition-coverage="0% (0/2)"/>
            <line number="7" hits="0" branch="false"/>
            <line number="9" hits="0" branch="false"/>
            <line number="13" hits="0" branch="false"/>
            <line number="17" hits="0" branch="true" condition-coverage="0% (0/9)"/>
            <line number="18" hits="0" branch="false"/>
            <line number="22" hits="0" branch="false"/>
            <line number="26" hits="0" branch="true" condition-coverage="0% (0/6)"/>
            <line number="27" hits="0" branch="false"/>
            <line number="29" hits="0" branch="false"/>
            <line number="30" hits="0" branch="false"/>
          </lines>
        </class>
        <class name="cloudapp.js" filename="src\api\cloudapp.js" line-rate="0" branch-rate="0">
          <methods>
            <method name="(anonymous_0)" hits="0" signature="()V">
              <lines>
                <line number="23" hits="0"/>
              </lines>
            </method>
            <method name="(anonymous_1)" hits="0" signature="()V">
              <lines>
                <line number="24" hits="0"/>
              </lines>
            </method>
            <method name="(anonymous_2)" hits="0" signature="()V">
              <lines>
                <line number="26" hits="0"/>
              </lines>
            </method>
            <method name="(anonymous_3)" hits="0" signature="()V">
              <lines>
                <line number="40" hits="0"/>
              </lines>
            </method>
            <method name="(anonymous_4)" hits="0" signature="()V">
              <lines>
                <line number="52" hits="0"/>
              </lines>
            </method>
            <method name="(anonymous_5)" hits="0" signature="()V">
              <lines>
                <line number="56" hits="0"/>
              </lines>
            </method>
            <method name="(anonymous_6)" hits="0" signature="()V">
              <lines>
                <line number="67" hits="0"/>
              </lines>
            </method>
            <method name="(anonymous_7)" hits="0" signature="()V">
              <lines>
                <line number="87" hits="0"/>
              </lines>
            </method>
            <method name="(anonymous_8)" hits="0" signature="()V">
              <lines>
                <line number="88" hits="0"/>
              </lines>
            </method>
            <method name="(anonymous_9)" hits="0" signature="()V">
              <lines>
                <line number="104" hits="0"/>
              </lines>
            </method>
            <method name="(anonymous_10)" hits="0" signature="()V">
              <lines>
                <line number="132" hits="0"/>
              </lines>
            </method>
            <method name="(anonymous_11)" hits="0" signature="()V">
              <lines>
                <line number="159" hits="0"/>
              </lines>
            </method>
            <method name="(anonymous_12)" hits="0" signature="()V">
              <lines>
                <line number="181" hits="0"/>
              </lines>
            </method>
            <method name="(anonymous_13)" hits="0" signature="()V">
              <lines>
                <line number="183" hits="0"/>
              </lines>
            </method>
          </methods>
          <lines>
            <line number="1" hits="0" branch="false"/>
            <line number="9" hits="0" branch="false"/>
            <line number="11" hits="0" branch="false"/>
            <line number="13" hits="0" branch="false"/>
            <line number="15" hits="0" branch="false"/>
            <line number="16" hits="0" branch="false"/>
            <line number="17" hits="0" branch="false"/>
            <line number="23" hits="0" branch="false"/>
            <line number="24" hits="0" branch="false"/>
            <line number="26" hits="0" branch="true" condition-coverage="0% (0/1)"/>
            <line number="40" hits="0" branch="false"/>
            <line number="41" hits="0" branch="false"/>
            <line number="42" hits="0" branch="true" condition-coverage="0% (0/2)"/>
            <line number="43" hits="0" branch="false"/>
            <line number="44" hits="0" branch="true" condition-coverage="0% (0/2)"/>
            <line number="45" hits="0" branch="false"/>
            <line number="48" hits="0" branch="false"/>
            <line number="51" hits="0" branch="false"/>
            <line number="53" hits="0" branch="false"/>
            <line number="57" hits="0" branch="false"/>
            <line number="68" hits="0" branch="true" condition-coverage="0% (0/4)"/>
            <line number="69" hits="0" branch="false"/>
            <line number="72" hits="0" branch="false"/>
            <line number="73" hits="0" branch="false"/>
            <line number="75" hits="0" branch="false"/>
            <line number="76" hits="0" branch="true" condition-coverage="0% (0/4)"/>
            <line number="77" hits="0" branch="false"/>
            <line number="78" hits="0" branch="false"/>
            <line number="80" hits="0" branch="true" condition-coverage="0% (0/2)"/>
            <line number="81" hits="0" branch="false"/>
            <line number="83" hits="0" branch="false"/>
            <line number="86" hits="0" branch="false"/>
            <line number="87" hits="0" branch="false"/>
            <line number="88" hits="0" branch="false"/>
            <line number="91" hits="0" branch="false"/>
            <line number="94" hits="0" branch="false"/>
            <line number="105" hits="0" branch="false"/>
            <line number="106" hits="0" branch="true" condition-coverage="0% (0/2)"/>
            <line number="107" hits="0" branch="false"/>
            <line number="110" hits="0" branch="false"/>
            <line number="112" hits="0" branch="false"/>
            <line number="113" hits="0" branch="true" condition-coverage="0% (0/4)"/>
            <line number="114" hits="0" branch="true" condition-coverage="0% (0/2)"/>
            <line number="115" hits="0" branch="false"/>
            <line number="119" hits="0" branch="false"/>
            <line number="123" hits="0" branch="false"/>
            <line number="133" hits="0" branch="true" condition-coverage="0% (0/2)"/>
            <line number="134" hits="0" branch="false"/>
            <line number="137" hits="0" branch="false"/>
            <line number="139" hits="0" branch="false"/>
            <line number="140" hits="0" branch="true" condition-coverage="0% (0/4)"/>
            <line number="141" hits="0" branch="true" condition-coverage="0% (0/2)"/>
            <line number="142" hits="0" branch="false"/>
            <line number="146" hits="0" branch="false"/>
            <line number="150" hits="0" branch="false"/>
            <line number="160" hits="0" branch="true" condition-coverage="0% (0/4)"/>
            <line number="161" hits="0" branch="false"/>
            <line number="164" hits="0" branch="false"/>
            <line number="165" hits="0" branch="false"/>
            <line number="167" hits="0" branch="false"/>
            <line number="168" hits="0" branch="false"/>
            <line number="169" hits="0" branch="true" condition-coverage="0% (0/2)"/>
            <line number="170" hits="0" branch="false"/>
            <line number="171" hits="0" branch="false"/>
            <line number="173" hits="0" branch="true" condition-coverage="0% (0/2)"/>
            <line number="174" hits="0" branch="false"/>
            <line number="175" hits="0" branch="false"/>
            <line number="179" hits="0" branch="false"/>
            <line number="180" hits="0" branch="false"/>
            <line number="181" hits="0" branch="false"/>
            <line number="184" hits="0" branch="true" condition-coverage="0% (0/2)"/>
            <line number="186" hits="0" branch="false"/>
            <line number="189" hits="0" branch="false"/>
            <line number="191" hits="0" branch="false"/>
            <line number="194" hits="0" branch="false"/>
            <line number="197" hits="0" branch="false"/>
          </lines>
        </class>
        <class name="geo.js" filename="src\api\geo.js" line-rate="0" branch-rate="0">
          <methods>
            <method name="getLangFromCountry" hits="0" signature="()V">
              <lines>
                <line number="8" hits="0"/>
              </lines>
            </method>
            <method name="(anonymous_1)" hits="0" signature="()V">
              <lines>
                <line number="43" hits="0"/>
              </lines>
            </method>
            <method name="(anonymous_2)" hits="0" signature="()V">
              <lines>
                <line number="46" hits="0"/>
              </lines>
            </method>
          </methods>
          <lines>
            <line number="1" hits="0" branch="false"/>
            <line number="2" hits="0" branch="false"/>
            <line number="3" hits="0" branch="false"/>
            <line number="4" hits="0" branch="false"/>
            <line number="5" hits="0" branch="false"/>
            <line number="6" hits="0" branch="false"/>
            <line number="9" hits="0" branch="false"/>
            <line number="10" hits="0" branch="true" condition-coverage="0% (0/12)"/>
            <line number="12" hits="0" branch="false"/>
            <line number="13" hits="0" branch="false"/>
            <line number="16" hits="0" branch="false"/>
            <line number="17" hits="0" branch="false"/>
            <line number="19" hits="0" branch="false"/>
            <line number="20" hits="0" branch="false"/>
            <line number="23" hits="0" branch="false"/>
            <line number="24" hits="0" branch="false"/>
            <line number="26" hits="0" branch="false"/>
            <line number="27" hits="0" branch="false"/>
            <line number="31" hits="0" branch="false"/>
            <line number="32" hits="0" branch="false"/>
            <line number="34" hits="0" branch="false"/>
            <line number="35" hits="0" branch="false"/>
            <line number="37" hits="0" branch="false"/>
            <line number="39" hits="0" branch="false"/>
            <line number="42" hits="0" branch="false"/>
            <line number="44" hits="0" branch="false"/>
            <line number="47" hits="0" branch="false"/>
            <line number="48" hits="0" branch="false"/>
            <line number="49" hits="0" branch="true" condition-coverage="0% (0/2)"/>
            <line number="50" hits="0" branch="false"/>
            <line number="51" hits="0" branch="false"/>
            <line number="54" hits="0" branch="false"/>
            <line number="55" hits="0" branch="false"/>
            <line number="56" hits="0" branch="false"/>
            <line number="58" hits="0" branch="false"/>
            <line number="59" hits="0" branch="false"/>
          </lines>
        </class>
        <class name="guest.js" filename="src\api\guest.js" line-rate="0" branch-rate="0">
          <methods>
            <method name="(anonymous_0)" hits="0" signature="()V">
              <lines>
                <line number="16" hits="0"/>
              </lines>
            </method>
            <method name="(anonymous_1)" hits="0" signature="()V">
              <lines>
                <line number="23" hits="0"/>
              </lines>
            </method>
          </methods>
          <lines>
            <line number="1" hits="0" branch="false"/>
            <line number="2" hits="0" branch="false"/>
            <line number="3" hits="0" branch="false"/>
            <line number="4" hits="0" branch="false"/>
            <line number="6" hits="0" branch="false"/>
            <line number="8" hits="0" branch="false"/>
            <line number="17" hits="0" branch="true" condition-coverage="0% (0/2)"/>
            <line number="18" hits="0" branch="false"/>
            <line number="21" hits="0" branch="false"/>
            <line number="23" hits="0" branch="false"/>
          </lines>
        </class>
        <class name="impact.js" filename="src\api\impact.js" line-rate="0" branch-rate="0">
          <methods>
            <method name="(anonymous_0)" hits="0" signature="()V">
              <lines>
                <line number="6" hits="0"/>
              </lines>
            </method>
          </methods>
          <lines>
            <line number="1" hits="0" branch="false"/>
            <line number="2" hits="0" branch="false"/>
            <line number="3" hits="0" branch="false"/>
            <line number="5" hits="0" branch="false"/>
            <line number="11" hits="0" branch="true" condition-coverage="0% (0/2)"/>
            <line number="12" hits="0" branch="false"/>
            <line number="14" hits="0" branch="false"/>
          </lines>
        </class>
        <class name="index.js" filename="src\api\index.js" line-rate="0" branch-rate="1">
          <methods>
          </methods>
          <lines>
            <line number="1" hits="0" branch="false"/>
            <line number="2" hits="0" branch="false"/>
            <line number="3" hits="0" branch="false"/>
            <line number="4" hits="0" branch="false"/>
            <line number="5" hits="0" branch="false"/>
            <line number="6" hits="0" branch="false"/>
            <line number="7" hits="0" branch="false"/>
            <line number="8" hits="0" branch="false"/>
            <line number="9" hits="0" branch="false"/>
            <line number="10" hits="0" branch="false"/>
            <line number="11" hits="0" branch="false"/>
            <line number="12" hits="0" branch="false"/>
            <line number="13" hits="0" branch="false"/>
            <line number="14" hits="0" branch="false"/>
            <line number="15" hits="0" branch="false"/>
            <line number="16" hits="0" branch="false"/>
            <line number="17" hits="0" branch="false"/>
            <line number="18" hits="0" branch="false"/>
            <line number="19" hits="0" branch="false"/>
            <line number="20" hits="0" branch="false"/>
            <line number="21" hits="0" branch="false"/>
            <line number="22" hits="0" branch="false"/>
            <line number="23" hits="0" branch="false"/>
            <line number="24" hits="0" branch="false"/>
            <line number="25" hits="0" branch="false"/>
            <line number="26" hits="0" branch="false"/>
            <line number="28" hits="0" branch="false"/>
          </lines>
        </class>
        <class name="jwt.js" filename="src\api\jwt.js" line-rate="0" branch-rate="0">
          <methods>
            <method name="(anonymous_0)" hits="0" signature="()V">
              <lines>
                <line number="15" hits="0"/>
              </lines>
            </method>
            <method name="(anonymous_1)" hits="0" signature="()V">
              <lines>
                <line number="22" hits="0"/>
              </lines>
            </method>
          </methods>
          <lines>
            <line number="1" hits="0" branch="false"/>
            <line number="2" hits="0" branch="false"/>
            <line number="3" hits="0" branch="false"/>
            <line number="5" hits="0" branch="false"/>
            <line number="16" hits="0" branch="true" condition-coverage="0% (0/2)"/>
            <line number="17" hits="0" branch="false"/>
            <line number="20" hits="0" branch="false"/>
            <line number="22" hits="0" branch="false"/>
          </lines>
        </class>
        <class name="provision.js" filename="src\api\provision.js" line-rate="0" branch-rate="1">
          <methods>
            <method name="(anonymous_0)" hits="0" signature="()V">
              <lines>
                <line number="5" hits="0"/>
              </lines>
            </method>
            <method name="(anonymous_1)" hits="0" signature="()V">
              <lines>
                <line number="8" hits="0"/>
              </lines>
            </method>
            <method name="(anonymous_2)" hits="0" signature="()V">
              <lines>
                <line number="11" hits="0"/>
              </lines>
            </method>
          </methods>
          <lines>
            <line number="1" hits="0" branch="false"/>
            <line number="2" hits="0" branch="false"/>
            <line number="4" hits="0" branch="false"/>
            <line number="6" hits="0" branch="false"/>
            <line number="9" hits="0" branch="false"/>
            <line number="12" hits="0" branch="false"/>
          </lines>
        </class>
        <class name="queue.js" filename="src\api\queue.js" line-rate="0" branch-rate="1">
          <methods>
            <method name="(anonymous_0)" hits="0" signature="()V">
              <lines>
                <line number="5" hits="0"/>
              </lines>
            </method>
          </methods>
          <lines>
            <line number="1" hits="0" branch="false"/>
            <line number="2" hits="0" branch="false"/>
            <line number="4" hits="0" branch="false"/>
            <line number="6" hits="0" branch="false"/>
          </lines>
        </class>
        <class name="redirector.js" filename="src\api\redirector.js" line-rate="0" branch-rate="1">
          <methods>
            <method name="(anonymous_0)" hits="0" signature="()V">
              <lines>
                <line number="5" hits="0"/>
              </lines>
            </method>
            <method name="(anonymous_1)" hits="0" signature="()V">
              <lines>
                <line number="8" hits="0"/>
              </lines>
            </method>
          </methods>
          <lines>
            <line number="1" hits="0" branch="false"/>
            <line number="2" hits="0" branch="false"/>
            <line number="4" hits="0" branch="false"/>
            <line number="6" hits="0" branch="false"/>
            <line number="9" hits="0" branch="false"/>
          </lines>
        </class>
        <class name="security.js" filename="src\api\security.js" line-rate="0" branch-rate="0">
          <methods>
            <method name="(anonymous_0)" hits="0" signature="()V">
              <lines>
                <line number="8" hits="0"/>
              </lines>
            </method>
            <method name="(anonymous_1)" hits="0" signature="()V">
              <lines>
                <line number="16" hits="0"/>
              </lines>
            </method>
          </methods>
          <lines>
            <line number="1" hits="0" branch="false"/>
            <line number="2" hits="0" branch="false"/>
            <line number="3" hits="0" branch="false"/>
            <line number="4" hits="0" branch="false"/>
            <line number="5" hits="0" branch="false"/>
            <line number="7" hits="0" branch="false"/>
            <line number="9" hits="0" branch="false"/>
            <line number="10" hits="0" branch="false"/>
            <line number="11" hits="0" branch="false"/>
            <line number="12" hits="0" branch="false"/>
            <line number="13" hits="0" branch="false"/>
            <line number="14" hits="0" branch="false"/>
            <line number="16" hits="0" branch="false"/>
            <line number="17" hits="0" branch="false"/>
            <line number="18" hits="0" branch="true" condition-coverage="0% (0/4)"/>
            <line number="19" hits="0" branch="false"/>
            <line number="20" hits="0" branch="true" condition-coverage="0% (0/4)"/>
            <line number="21" hits="0" branch="false"/>
            <line number="22" hits="0" branch="false"/>
            <line number="23" hits="0" branch="true" condition-coverage="0% (0/2)"/>
            <line number="24" hits="0" branch="false"/>
            <line number="26" hits="0" branch="false"/>
            <line number="27" hits="0" branch="false"/>
            <line number="28" hits="0" branch="false"/>
            <line number="30" hits="0" branch="false"/>
            <line number="31" hits="0" branch="false"/>
            <line number="32" hits="0" branch="false"/>
            <line number="35" hits="0" branch="false"/>
            <line number="36" hits="0" branch="false"/>
            <line number="37" hits="0" branch="false"/>
            <line number="39" hits="0" branch="false"/>
            <line number="40" hits="0" branch="false"/>
          </lines>
        </class>
        <class name="sqs.js" filename="src\api\sqs.js" line-rate="0" branch-rate="0">
          <methods>
            <method name="(anonymous_0)" hits="0" signature="()V">
              <lines>
                <line number="5" hits="0"/>
              </lines>
            </method>
            <method name="(anonymous_1)" hits="0" signature="()V">
              <lines>
                <line number="9" hits="0"/>
              </lines>
            </method>
            <method name="(anonymous_2)" hits="0" signature="()V">
              <lines>
                <line number="11" hits="0"/>
              </lines>
            </method>
            <method name="(anonymous_3)" hits="0" signature="()V">
              <lines>
                <line number="12" hits="0"/>
              </lines>
            </method>
            <method name="(anonymous_4)" hits="0" signature="()V">
              <lines>
                <line number="14" hits="0"/>
              </lines>
            </method>
            <method name="(anonymous_5)" hits="0" signature="()V">
              <lines>
                <line number="21" hits="0"/>
              </lines>
            </method>
            <method name="(anonymous_6)" hits="0" signature="()V">
              <lines>
                <line number="23" hits="0"/>
              </lines>
            </method>
            <method name="(anonymous_7)" hits="0" signature="()V">
              <lines>
                <line number="27" hits="0"/>
              </lines>
            </method>
            <method name="(anonymous_8)" hits="0" signature="()V">
              <lines>
                <line number="29" hits="0"/>
              </lines>
            </method>
            <method name="(anonymous_9)" hits="0" signature="()V">
              <lines>
                <line number="37" hits="0"/>
              </lines>
            </method>
            <method name="(anonymous_10)" hits="0" signature="()V">
              <lines>
                <line number="39" hits="0"/>
              </lines>
            </method>
            <method name="(anonymous_11)" hits="0" signature="()V">
              <lines>
                <line number="47" hits="0"/>
              </lines>
            </method>
            <method name="(anonymous_12)" hits="0" signature="()V">
              <lines>
                <line number="49" hits="0"/>
              </lines>
            </method>
            <method name="(anonymous_13)" hits="0" signature="()V">
              <lines>
                <line number="55" hits="0"/>
              </lines>
            </method>
            <method name="(anonymous_14)" hits="0" signature="()V">
              <lines>
                <line number="57" hits="0"/>
              </lines>
            </method>
            <method name="(anonymous_15)" hits="0" signature="()V">
              <lines>
                <line number="63" hits="0"/>
              </lines>
            </method>
            <method name="(anonymous_16)" hits="0" signature="()V">
              <lines>
                <line number="65" hits="0"/>
              </lines>
            </method>
            <method name="(anonymous_17)" hits="0" signature="()V">
              <lines>
                <line number="73" hits="0"/>
              </lines>
            </method>
            <method name="(anonymous_18)" hits="0" signature="()V">
              <lines>
                <line number="75" hits="0"/>
              </lines>
            </method>
            <method name="(anonymous_19)" hits="0" signature="()V">
              <lines>
                <line number="83" hits="0"/>
              </lines>
            </method>
            <method name="(anonymous_20)" hits="0" signature="()V">
              <lines>
                <line number="85" hits="0"/>
              </lines>
            </method>
            <method name="(anonymous_21)" hits="0" signature="()V">
              <lines>
                <line number="91" hits="0"/>
              </lines>
            </method>
          </methods>
          <lines>
            <line number="1" hits="0" branch="false"/>
            <line number="2" hits="0" branch="false"/>
            <line number="4" hits="0" branch="false"/>
            <line number="6" hits="0" branch="true" condition-coverage="0% (0/2)"/>
            <line number="7" hits="0" branch="false"/>
            <line number="9" hits="0" branch="false"/>
            <line number="12" hits="0" branch="false"/>
            <line number="15" hits="0" branch="true" condition-coverage="0% (0/2)"/>
            <line number="16" hits="0" branch="false"/>
            <line number="18" hits="0" branch="false"/>
            <line number="19" hits="0" branch="false"/>
            <line number="21" hits="0" branch="false"/>
            <line number="24" hits="0" branch="true" condition-coverage="0% (0/2)"/>
            <line number="25" hits="0" branch="false"/>
            <line number="27" hits="0" branch="false"/>
            <line number="30" hits="0" branch="true" condition-coverage="0% (0/2)"/>
            <line number="31" hits="0" branch="false"/>
            <line number="33" hits="0" branch="false"/>
            <line number="35" hits="0" branch="false"/>
            <line number="37" hits="0" branch="false"/>
            <line number="40" hits="0" branch="true" condition-coverage="0% (0/4)"/>
            <line number="41" hits="0" branch="false"/>
            <line number="43" hits="0" branch="false"/>
            <line number="45" hits="0" branch="false"/>
            <line number="47" hits="0" branch="false"/>
            <line number="50" hits="0" branch="true" condition-coverage="0% (0/2)"/>
            <line number="51" hits="0" branch="false"/>
            <line number="53" hits="0" branch="false"/>
            <line number="55" hits="0" branch="false"/>
            <line number="58" hits="0" branch="true" condition-coverage="0% (0/5)"/>
            <line number="59" hits="0" branch="false"/>
            <line number="61" hits="0" branch="false"/>
            <line number="63" hits="0" branch="false"/>
            <line number="66" hits="0" branch="true" condition-coverage="0% (0/6)"/>
            <line number="67" hits="0" branch="false"/>
            <line number="71" hits="0" branch="false"/>
            <line number="73" hits="0" branch="false"/>
            <line number="76" hits="0" branch="true" condition-coverage="0% (0/5)"/>
            <line number="77" hits="0" branch="false"/>
            <line number="79" hits="0" branch="false"/>
            <line number="81" hits="0" branch="false"/>
            <line number="83" hits="0" branch="false"/>
            <line number="86" hits="0" branch="true" condition-coverage="0% (0/4)"/>
            <line number="87" hits="0" branch="false"/>
            <line number="89" hits="0" branch="false"/>
            <line number="91" hits="0" branch="false"/>
          </lines>
        </class>
        <class name="support.js" filename="src\api\support.js" line-rate="0" branch-rate="0">
          <methods>
            <method name="(anonymous_0)" hits="0" signature="()V">
              <lines>
                <line number="5" hits="0"/>
              </lines>
            </method>
          </methods>
          <lines>
            <line number="1" hits="0" branch="false"/>
            <line number="2" hits="0" branch="false"/>
            <line number="4" hits="0" branch="false"/>
            <line number="6" hits="0" branch="true" condition-coverage="0% (0/2)"/>
            <line number="7" hits="0" branch="false"/>
            <line number="9" hits="0" branch="false"/>
          </lines>
        </class>
        <class name="tac-error-event.js" filename="src\api\tac-error-event.js" line-rate="0" branch-rate="1">
          <methods>
            <method name="(anonymous_0)" hits="0" signature="()V">
              <lines>
                <line number="7" hits="0"/>
              </lines>
            </method>
          </methods>
          <lines>
            <line number="1" hits="0" branch="false"/>
            <line number="2" hits="0" branch="false"/>
            <line number="3" hits="0" branch="false"/>
            <line number="4" hits="0" branch="false"/>
            <line number="6" hits="0" branch="false"/>
            <line number="8" hits="0" branch="false"/>
            <line number="9" hits="0" branch="false"/>
            <line number="10" hits="0" branch="false"/>
          </lines>
        </class>
        <class name="tools.js" filename="src\api\tools.js" line-rate="0" branch-rate="0">
          <methods>
            <method name="(anonymous_0)" hits="0" signature="()V">
              <lines>
                <line number="9" hits="0"/>
              </lines>
            </method>
            <method name="(anonymous_1)" hits="0" signature="()V">
              <lines>
                <line number="18" hits="0"/>
              </lines>
            </method>
            <method name="(anonymous_2)" hits="0" signature="()V">
              <lines>
                <line number="34" hits="0"/>
              </lines>
            </method>
          </methods>
          <lines>
            <line number="1" hits="0" branch="false"/>
            <line number="2" hits="0" branch="false"/>
            <line number="3" hits="0" branch="false"/>
            <line number="4" hits="0" branch="false"/>
            <line number="5" hits="0" branch="false"/>
            <line number="6" hits="0" branch="false"/>
            <line number="8" hits="0" branch="false"/>
            <line number="12" hits="0" branch="false"/>
            <line number="14" hits="0" branch="false"/>
            <line number="15" hits="0" branch="false"/>
            <line number="17" hits="0" branch="false"/>
            <line number="18" hits="0" branch="false"/>
            <line number="19" hits="0" branch="true" condition-coverage="0% (0/2)"/>
            <line number="21" hits="0" branch="true" condition-coverage="0% (0/2)"/>
            <line number="22" hits="0" branch="true" condition-coverage="0% (0/2)"/>
            <line number="23" hits="0" branch="false"/>
            <line number="24" hits="0" branch="false"/>
            <line number="27" hits="0" branch="false"/>
            <line number="30" hits="0" branch="false"/>
            <line number="31" hits="0" branch="false"/>
            <line number="35" hits="0" branch="true" condition-coverage="0% (0/2)"/>
            <line number="36" hits="0" branch="false"/>
            <line number="39" hits="0" branch="false"/>
          </lines>
        </class>
        <class name="trial-enterprise.js" filename="src\api\trial-enterprise.js" line-rate="0" branch-rate="0">
          <methods>
            <method name="validateCreateTrialRequest" hits="0" signature="()V">
              <lines>
                <line number="9" hits="0"/>
              </lines>
            </method>
            <method name="(anonymous_1)" hits="0" signature="()V">
              <lines>
                <line number="11" hits="0"/>
              </lines>
            </method>
            <method name="(anonymous_2)" hits="0" signature="()V">
              <lines>
                <line number="25" hits="0"/>
              </lines>
            </method>
            <method name="(anonymous_3)" hits="0" signature="()V">
              <lines>
                <line number="34" hits="0"/>
              </lines>
            </method>
            <method name="(anonymous_4)" hits="0" signature="()V">
              <lines>
                <line number="37" hits="0"/>
              </lines>
            </method>
          </methods>
          <lines>
            <line number="1" hits="0" branch="false"/>
            <line number="2" hits="0" branch="false"/>
            <line number="3" hits="0" branch="false"/>
            <line number="4" hits="0" branch="false"/>
            <line number="5" hits="0" branch="false"/>
            <line number="7" hits="0" branch="false"/>
            <line number="10" hits="0" branch="false"/>
            <line number="11" hits="0" branch="false"/>
            <line number="12" hits="0" branch="true" condition-coverage="0% (0/4)"/>
            <line number="13" hits="0" branch="false"/>
            <line number="17" hits="0" branch="true" condition-coverage="0% (0/5)"/>
            <line number="18" hits="0" branch="false"/>
            <line number="19" hits="0" branch="false"/>
            <line number="21" hits="0" branch="false"/>
            <line number="24" hits="0" branch="false"/>
            <line number="26" hits="0" branch="false"/>
            <line number="27" hits="0" branch="false"/>
            <line number="28" hits="0" branch="true" condition-coverage="0% (0/2)"/>
            <line number="29" hits="0" branch="false"/>
            <line number="31" hits="0" branch="false"/>
            <line number="32" hits="0" branch="false"/>
            <line number="35" hits="0" branch="false"/>
            <line number="36" hits="0" branch="false"/>
            <line number="37" hits="0" branch="false"/>
            <line number="38" hits="0" branch="false"/>
            <line number="40" hits="0" branch="false"/>
          </lines>
        </class>
        <class name="trial.js" filename="src\api\trial.js" line-rate="0" branch-rate="0">
          <methods>
            <method name="validateCreateTrialRequest" hits="0" signature="()V">
              <lines>
                <line number="20" hits="0"/>
              </lines>
            </method>
            <method name="(anonymous_1)" hits="0" signature="()V">
              <lines>
                <line number="22" hits="0"/>
              </lines>
            </method>
            <method name="(anonymous_2)" hits="0" signature="()V">
              <lines>
                <line number="52" hits="0"/>
              </lines>
            </method>
            <method name="(anonymous_3)" hits="0" signature="()V">
              <lines>
                <line number="62" hits="0"/>
              </lines>
            </method>
          </methods>
          <lines>
            <line number="1" hits="0" branch="false"/>
            <line number="2" hits="0" branch="false"/>
            <line number="3" hits="0" branch="false"/>
            <line number="4" hits="0" branch="false"/>
            <line number="5" hits="0" branch="false"/>
            <line number="6" hits="0" branch="false"/>
            <line number="7" hits="0" branch="false"/>
            <line number="9" hits="0" branch="false"/>
            <line number="15" hits="0" branch="false"/>
            <line number="21" hits="0" branch="false"/>
            <line number="22" hits="0" branch="false"/>
            <line number="23" hits="0" branch="true" condition-coverage="0% (0/4)"/>
            <line number="24" hits="0" branch="false"/>
            <line number="28" hits="0" branch="true" condition-coverage="0% (0/2)"/>
            <line number="29" hits="0" branch="false"/>
            <line number="35" hits="0" branch="true" condition-coverage="0% (0/2)"/>
            <line number="36" hits="0" branch="false"/>
            <line number="38" hits="0" branch="true" condition-coverage="0% (0/2)"/>
            <line number="39" hits="0" branch="false"/>
            <line number="41" hits="0" branch="true" condition-coverage="0% (0/4)"/>
            <line number="42" hits="0" branch="false"/>
            <line number="45" hits="0" branch="true" condition-coverage="0% (0/4)"/>
            <line number="46" hits="0" branch="false"/>
            <line number="48" hits="0" branch="false"/>
            <line number="51" hits="0" branch="false"/>
            <line number="53" hits="0" branch="false"/>
            <line number="54" hits="0" branch="false"/>
            <line number="55" hits="0" branch="true" condition-coverage="0% (0/2)"/>
            <line number="56" hits="0" branch="false"/>
            <line number="58" hits="0" branch="false"/>
            <line number="59" hits="0" branch="false"/>
            <line number="63" hits="0" branch="false"/>
            <line number="65" hits="0" branch="false"/>
          </lines>
        </class>
        <class name="user.js" filename="src\api\user.js" line-rate="0" branch-rate="0">
          <methods>
            <method name="(anonymous_0)" hits="0" signature="()V">
              <lines>
                <line number="24" hits="0"/>
              </lines>
            </method>
            <method name="(anonymous_1)" hits="0" signature="()V">
              <lines>
                <line number="138" hits="0"/>
              </lines>
            </method>
            <method name="(anonymous_2)" hits="0" signature="()V">
              <lines>
                <line number="145" hits="0"/>
              </lines>
            </method>
            <method name="(anonymous_3)" hits="0" signature="()V">
              <lines>
                <line number="189" hits="0"/>
              </lines>
            </method>
            <method name="(anonymous_4)" hits="0" signature="()V">
              <lines>
                <line number="197" hits="0"/>
              </lines>
            </method>
            <method name="(anonymous_5)" hits="0" signature="()V">
              <lines>
                <line number="203" hits="0"/>
              </lines>
            </method>
            <method name="(anonymous_6)" hits="0" signature="()V">
              <lines>
                <line number="206" hits="0"/>
              </lines>
            </method>
            <method name="(anonymous_7)" hits="0" signature="()V">
              <lines>
                <line number="242" hits="0"/>
              </lines>
            </method>
            <method name="(anonymous_8)" hits="0" signature="()V">
              <lines>
                <line number="245" hits="0"/>
              </lines>
            </method>
            <method name="(anonymous_9)" hits="0" signature="()V">
              <lines>
                <line number="295" hits="0"/>
              </lines>
            </method>
            <method name="(anonymous_10)" hits="0" signature="()V">
              <lines>
                <line number="355" hits="0"/>
              </lines>
            </method>
            <method name="(anonymous_11)" hits="0" signature="()V">
              <lines>
                <line number="371" hits="0"/>
              </lines>
            </method>
            <method name="(anonymous_12)" hits="0" signature="()V">
              <lines>
                <line number="389" hits="0"/>
              </lines>
            </method>
            <method name="(anonymous_13)" hits="0" signature="()V">
              <lines>
                <line number="400" hits="0"/>
              </lines>
            </method>
            <method name="(anonymous_14)" hits="0" signature="()V">
              <lines>
                <line number="409" hits="0"/>
              </lines>
            </method>
            <method name="(anonymous_15)" hits="0" signature="()V">
              <lines>
                <line number="417" hits="0"/>
              </lines>
            </method>
            <method name="(anonymous_16)" hits="0" signature="()V">
              <lines>
                <line number="438" hits="0"/>
              </lines>
            </method>
            <method name="(anonymous_17)" hits="0" signature="()V">
              <lines>
                <line number="446" hits="0"/>
              </lines>
            </method>
            <method name="(anonymous_18)" hits="0" signature="()V">
              <lines>
                <line number="449" hits="0"/>
              </lines>
            </method>
            <method name="(anonymous_19)" hits="0" signature="()V">
              <lines>
                <line number="462" hits="0"/>
              </lines>
            </method>
            <method name="(anonymous_20)" hits="0" signature="()V">
              <lines>
                <line number="464" hits="0"/>
              </lines>
            </method>
            <method name="(anonymous_21)" hits="0" signature="()V">
              <lines>
                <line number="477" hits="0"/>
              </lines>
            </method>
            <method name="(anonymous_22)" hits="0" signature="()V">
              <lines>
                <line number="505" hits="0"/>
              </lines>
            </method>
            <method name="(anonymous_23)" hits="0" signature="()V">
              <lines>
                <line number="506" hits="0"/>
              </lines>
            </method>
            <method name="(anonymous_24)" hits="0" signature="()V">
              <lines>
                <line number="516" hits="0"/>
              </lines>
            </method>
            <method name="(anonymous_25)" hits="0" signature="()V">
              <lines>
                <line number="520" hits="0"/>
              </lines>
            </method>
            <method name="(anonymous_26)" hits="0" signature="()V">
              <lines>
                <line number="523" hits="0"/>
              </lines>
            </method>
            <method name="(anonymous_27)" hits="0" signature="()V">
              <lines>
                <line number="527" hits="0"/>
              </lines>
            </method>
            <method name="(anonymous_28)" hits="0" signature="()V">
              <lines>
                <line number="530" hits="0"/>
              </lines>
            </method>
            <method name="(anonymous_29)" hits="0" signature="()V">
              <lines>
                <line number="534" hits="0"/>
              </lines>
            </method>
            <method name="(anonymous_30)" hits="0" signature="()V">
              <lines>
                <line number="537" hits="0"/>
              </lines>
            </method>
            <method name="(anonymous_31)" hits="0" signature="()V">
              <lines>
                <line number="541" hits="0"/>
              </lines>
            </method>
            <method name="(anonymous_32)" hits="0" signature="()V">
              <lines>
                <line number="544" hits="0"/>
              </lines>
            </method>
            <method name="(anonymous_33)" hits="0" signature="()V">
              <lines>
                <line number="548" hits="0"/>
              </lines>
            </method>
            <method name="(anonymous_34)" hits="0" signature="()V">
              <lines>
                <line number="551" hits="0"/>
              </lines>
            </method>
            <method name="(anonymous_35)" hits="0" signature="()V">
              <lines>
                <line number="555" hits="0"/>
              </lines>
            </method>
            <method name="(anonymous_36)" hits="0" signature="()V">
              <lines>
                <line number="562" hits="0"/>
              </lines>
            </method>
            <method name="(anonymous_37)" hits="0" signature="()V">
              <lines>
                <line number="589" hits="0"/>
              </lines>
            </method>
            <method name="(anonymous_38)" hits="0" signature="()V">
              <lines>
                <line number="594" hits="0"/>
              </lines>
            </method>
            <method name="(anonymous_39)" hits="0" signature="()V">
              <lines>
                <line number="599" hits="0"/>
              </lines>
            </method>
            <method name="(anonymous_40)" hits="0" signature="()V">
              <lines>
                <line number="605" hits="0"/>
              </lines>
            </method>
            <method name="(anonymous_41)" hits="0" signature="()V">
              <lines>
                <line number="614" hits="0"/>
              </lines>
            </method>
            <method name="(anonymous_42)" hits="0" signature="()V">
              <lines>
                <line number="625" hits="0"/>
              </lines>
            </method>
            <method name="(anonymous_43)" hits="0" signature="()V">
              <lines>
                <line number="628" hits="0"/>
              </lines>
            </method>
            <method name="(anonymous_44)" hits="0" signature="()V">
              <lines>
                <line number="654" hits="0"/>
              </lines>
            </method>
            <method name="(anonymous_45)" hits="0" signature="()V">
              <lines>
                <line number="655" hits="0"/>
              </lines>
            </method>
          </methods>
          <lines>
            <line number="1" hits="0" branch="false"/>
            <line number="2" hits="0" branch="false"/>
            <line number="3" hits="0" branch="false"/>
            <line number="4" hits="0" branch="false"/>
            <line number="5" hits="0" branch="false"/>
            <line number="6" hits="0" branch="false"/>
            <line number="7" hits="0" branch="false"/>
            <line number="8" hits="0" branch="false"/>
            <line number="9" hits="0" branch="false"/>
            <line number="10" hits="0" branch="false"/>
            <line number="11" hits="0" branch="false"/>
            <line number="12" hits="0" branch="false"/>
            <line number="13" hits="0" branch="false"/>
            <line number="14" hits="0" branch="false"/>
            <line number="15" hits="0" branch="false"/>
            <line number="16" hits="0" branch="false"/>
            <line number="17" hits="0" branch="false"/>
            <line number="18" hits="0" branch="false"/>
            <line number="19" hits="0" branch="false"/>
            <line number="20" hits="0" branch="false"/>
            <line number="22" hits="0" branch="false"/>
            <line number="23" hits="0" branch="false"/>
            <line number="30" hits="0" branch="false"/>
            <line number="32" hits="0" branch="true" condition-coverage="0% (0/2)"/>
            <line number="33" hits="0" branch="true" condition-coverage="0% (0/2)"/>
            <line number="35" hits="0" branch="true" condition-coverage="0% (0/2)"/>
            <line number="36" hits="0" branch="false"/>
            <line number="37" hits="0" branch="false"/>
            <line number="46" hits="0" branch="false"/>
            <line number="47" hits="0" branch="false"/>
            <line number="51" hits="0" branch="true" condition-coverage="0% (0/2)"/>
            <line number="52" hits="0" branch="false"/>
            <line number="55" hits="0" branch="false"/>
            <line number="56" hits="0" branch="false"/>
            <line number="63" hits="0" branch="false"/>
            <line number="64" hits="0" branch="false"/>
            <line number="66" hits="0" branch="false"/>
            <line number="68" hits="0" branch="false"/>
            <line number="70" hits="0" branch="true" condition-coverage="0% (0/2)"/>
            <line number="71" hits="0" branch="false"/>
            <line number="72" hits="0" branch="false"/>
            <line number="74" hits="0" branch="false"/>
            <line number="75" hits="0" branch="true" condition-coverage="0% (0/2)"/>
            <line number="80" hits="0" branch="false"/>
            <line number="81" hits="0" branch="false"/>
            <line number="90" hits="0" branch="false"/>
            <line number="92" hits="0" branch="false"/>
            <line number="93" hits="0" branch="false"/>
            <line number="94" hits="0" branch="false"/>
            <line number="100" hits="0" branch="true" condition-coverage="0% (0/2)"/>
            <line number="101" hits="0" branch="false"/>
            <line number="102" hits="0" branch="false"/>
            <line number="103" hits="0" branch="true" condition-coverage="0% (0/2)"/>
            <line number="106" hits="0" branch="false"/>
            <line number="115" hits="0" branch="true" condition-coverage="0% (0/2)"/>
            <line number="116" hits="0" branch="false"/>
            <line number="117" hits="0" branch="true" condition-coverage="0% (0/1)"/>
            <line number="118" hits="0" branch="false"/>
            <line number="119" hits="0" branch="false"/>
            <line number="120" hits="0" branch="false"/>
            <line number="121" hits="0" branch="true" condition-coverage="0% (0/4)"/>
            <line number="122" hits="0" branch="false"/>
            <line number="123" hits="0" branch="false"/>
            <line number="124" hits="0" branch="false"/>
            <line number="126" hits="0" branch="false"/>
            <line number="128" hits="0" branch="true" condition-coverage="0% (0/4)"/>
            <line number="129" hits="0" branch="false"/>
            <line number="131" hits="0" branch="false"/>
            <line number="139" hits="0" branch="false"/>
            <line number="146" hits="0" branch="false"/>
            <line number="152" hits="0" branch="false"/>
            <line number="153" hits="0" branch="false"/>
            <line number="163" hits="0" branch="false"/>
            <line number="164" hits="0" branch="false"/>
            <line number="167" hits="0" branch="false"/>
            <line number="169" hits="0" branch="true" condition-coverage="0% (0/4)"/>
            <line number="170" hits="0" branch="false"/>
            <line number="173" hits="0" branch="false"/>
            <line number="175" hits="0" branch="true" condition-coverage="0% (0/7)"/>
            <line number="176" hits="0" branch="false"/>
            <line number="180" hits="0" branch="true" condition-coverage="0% (0/2)"/>
            <line number="181" hits="0" branch="false"/>
            <line number="187" hits="0" branch="false"/>
            <line number="190" hits="0" branch="true" condition-coverage="0% (0/2)"/>
            <line number="193" hits="0" branch="false"/>
            <line number="194" hits="0" branch="false"/>
            <line number="198" hits="0" branch="false"/>
            <line number="203" hits="0" branch="false"/>
            <line number="207" hits="0" branch="false"/>
            <line number="208" hits="0" branch="true" condition-coverage="0% (0/2)"/>
            <line number="209" hits="0" branch="false"/>
            <line number="210" hits="0" branch="false"/>
            <line number="215" hits="0" branch="false"/>
            <line number="216" hits="0" branch="false"/>
            <line number="218" hits="0" branch="false"/>
            <line number="220" hits="0" branch="true" condition-coverage="0% (0/4)"/>
            <line number="221" hits="0" branch="false"/>
            <line number="222" hits="0" branch="false"/>
            <line number="224" hits="0" branch="true" condition-coverage="0% (0/4)"/>
            <line number="225" hits="0" branch="true" condition-coverage="0% (0/2)"/>
            <line number="232" hits="0" branch="false"/>
            <line number="234" hits="0" branch="false"/>
            <line number="238" hits="0" branch="false"/>
            <line number="242" hits="0" branch="false"/>
            <line number="246" hits="0" branch="false"/>
            <line number="247" hits="0" branch="false"/>
            <line number="248" hits="0" branch="true" condition-coverage="0% (0/4)"/>
            <line number="249" hits="0" branch="false"/>
            <line number="250" hits="0" branch="false"/>
            <line number="255" hits="0" branch="false"/>
            <line number="261" hits="0" branch="false"/>
            <line number="262" hits="0" branch="false"/>
            <line number="264" hits="0" branch="false"/>
            <line number="265" hits="0" branch="true" condition-coverage="0% (0/4)"/>
            <line number="266" hits="0" branch="false"/>
            <line number="267" hits="0" branch="false"/>
            <line number="274" hits="0" branch="false"/>
            <line number="278" hits="0" branch="true" condition-coverage="0% (0/5)"/>
            <line number="280" hits="0" branch="false"/>
            <line number="287" hits="0" branch="false"/>
            <line number="288" hits="0" branch="false"/>
            <line number="300" hits="0" branch="false"/>
            <line number="302" hits="0" branch="false"/>
            <line number="305" hits="0" branch="true" condition-coverage="0% (0/2)"/>
            <line number="306" hits="0" branch="false"/>
            <line number="307" hits="0" branch="true" condition-coverage="0% (0/2)"/>
            <line number="309" hits="0" branch="true" condition-coverage="0% (0/2)"/>
            <line number="310" hits="0" branch="false"/>
            <line number="311" hits="0" branch="false"/>
            <line number="316" hits="0" branch="false"/>
            <line number="319" hits="0" branch="false"/>
            <line number="320" hits="0" branch="true" condition-coverage="0% (0/4)"/>
            <line number="321" hits="0" branch="false"/>
            <line number="322" hits="0" branch="false"/>
            <line number="327" hits="0" branch="true" condition-coverage="0% (0/2)"/>
            <line number="332" hits="0" branch="false"/>
            <line number="336" hits="0" branch="false"/>
            <line number="340" hits="0" branch="true" condition-coverage="0% (0/5)"/>
            <line number="341" hits="0" branch="false"/>
            <line number="342" hits="0" branch="false"/>
            <line number="349" hits="0" branch="false"/>
            <line number="353" hits="0" branch="false"/>
            <line number="354" hits="0" branch="false"/>
            <line number="355" hits="0" branch="false"/>
            <line number="356" hits="0" branch="true" condition-coverage="0% (0/2)"/>
            <line number="357" hits="0" branch="true" condition-coverage="0% (0/4)"/>
            <line number="358" hits="0" branch="false"/>
            <line number="362" hits="0" branch="true" condition-coverage="0% (0/4)"/>
            <line number="366" hits="0" branch="true" condition-coverage="0% (0/4)"/>
            <line number="367" hits="0" branch="false"/>
            <line number="368" hits="0" branch="false"/>
            <line number="371" hits="0" branch="false"/>
            <line number="373" hits="0" branch="false"/>
            <line number="376" hits="0" branch="false"/>
            <line number="377" hits="0" branch="false"/>
            <line number="379" hits="0" branch="true" condition-coverage="0% (0/2)"/>
            <line number="380" hits="0" branch="false"/>
            <line number="381" hits="0" branch="false"/>
            <line number="384" hits="0" branch="true" condition-coverage="0% (0/2)"/>
            <line number="385" hits="0" branch="false"/>
            <line number="386" hits="0" branch="false"/>
            <line number="389" hits="0" branch="false"/>
            <line number="391" hits="0" branch="false"/>
            <line number="394" hits="0" branch="true" condition-coverage="0% (0/2)"/>
            <line number="395" hits="0" branch="false"/>
            <line number="398" hits="0" branch="false"/>
            <line number="401" hits="0" branch="false"/>
            <line number="410" hits="0" branch="false"/>
            <line number="411" hits="0" branch="false"/>
            <line number="418" hits="0" branch="false"/>
            <line number="419" hits="0" branch="false"/>
            <line number="420" hits="0" branch="false"/>
            <line number="427" hits="0" branch="false"/>
            <line number="430" hits="0" branch="false"/>
            <line number="432" hits="0" branch="false"/>
            <line number="439" hits="0" branch="false"/>
            <line number="440" hits="0" branch="false"/>
            <line number="447" hits="0" branch="true" condition-coverage="0% (0/4)"/>
            <line number="448" hits="0" branch="false"/>
            <line number="449" hits="0" branch="false"/>
            <line number="452" hits="0" branch="false"/>
            <line number="460" hits="0" branch="false"/>
            <line number="462" hits="0" branch="false"/>
            <line number="469" hits="0" branch="true" condition-coverage="0% (0/2)"/>
            <line number="470" hits="0" branch="false"/>
            <line number="471" hits="0" branch="false"/>
            <line number="475" hits="0" branch="false"/>
            <line number="478" hits="0" branch="false"/>
            <line number="479" hits="0" branch="true" condition-coverage="0% (0/2)"/>
            <line number="480" hits="0" branch="true" condition-coverage="0% (0/5)"/>
            <line number="482" hits="0" branch="false"/>
            <line number="503" hits="0" branch="false"/>
            <line number="505" hits="0" branch="false"/>
            <line number="507" hits="0" branch="false"/>
            <line number="517" hits="0" branch="true" condition-coverage="0% (0/2)"/>
            <line number="518" hits="0" branch="false"/>
            <line number="520" hits="0" branch="false"/>
            <line number="524" hits="0" branch="true" condition-coverage="0% (0/4)"/>
            <line number="525" hits="0" branch="false"/>
            <line number="527" hits="0" branch="false"/>
            <line number="531" hits="0" branch="true" condition-coverage="0% (0/2)"/>
            <line number="532" hits="0" branch="false"/>
            <line number="534" hits="0" branch="false"/>
            <line number="538" hits="0" branch="true" condition-coverage="0% (0/4)"/>
            <line number="539" hits="0" branch="false"/>
            <line number="541" hits="0" branch="false"/>
            <line number="545" hits="0" branch="true" condition-coverage="0% (0/2)"/>
            <line number="546" hits="0" branch="false"/>
            <line number="548" hits="0" branch="false"/>
            <line number="552" hits="0" branch="true" condition-coverage="0% (0/2)"/>
            <line number="553" hits="0" branch="false"/>
            <line number="555" hits="0" branch="false"/>
            <line number="563" hits="0" branch="true" condition-coverage="0% (0/4)"/>
            <line number="564" hits="0" branch="false"/>
            <line number="566" hits="0" branch="true" condition-coverage="0% (0/2)"/>
            <line number="567" hits="0" branch="false"/>
            <line number="569" hits="0" branch="false"/>
            <line number="570" hits="0" branch="true" condition-coverage="0% (0/2)"/>
            <line number="571" hits="0" branch="false"/>
            <line number="587" hits="0" branch="false"/>
            <line number="590" hits="0" branch="true" condition-coverage="0% (0/2)"/>
            <line number="591" hits="0" branch="false"/>
            <line number="594" hits="0" branch="false"/>
            <line number="600" hits="0" branch="true" condition-coverage="0% (0/2)"/>
            <line number="601" hits="0" branch="false"/>
            <line number="603" hits="0" branch="false"/>
            <line number="605" hits="0" branch="false"/>
            <line number="615" hits="0" branch="true" condition-coverage="0% (0/5)"/>
            <line number="616" hits="0" branch="false"/>
            <line number="618" hits="0" branch="false"/>
            <line number="619" hits="0" branch="false"/>
            <line number="625" hits="0" branch="false"/>
            <line number="629" hits="0" branch="false"/>
            <line number="630" hits="0" branch="true" condition-coverage="0% (0/2)"/>
            <line number="631" hits="0" branch="false"/>
            <line number="632" hits="0" branch="false"/>
            <line number="637" hits="0" branch="false"/>
            <line number="638" hits="0" branch="false"/>
            <line number="639" hits="0" branch="false"/>
            <line number="640" hits="0" branch="false"/>
            <line number="641" hits="0" branch="false"/>
            <line number="642" hits="0" branch="false"/>
            <line number="643" hits="0" branch="true" condition-coverage="0% (0/2)"/>
            <line number="644" hits="0" branch="false"/>
            <line number="646" hits="0" branch="false"/>
            <line number="647" hits="0" branch="false"/>
            <line number="648" hits="0" branch="false"/>
            <line number="649" hits="0" branch="false"/>
            <line number="651" hits="0" branch="false"/>
            <line number="655" hits="0" branch="false"/>
          </lines>
        </class>
        <class name="wbxFreeSignp.js" filename="src\api\wbxFreeSignp.js" line-rate="0" branch-rate="0">
          <methods>
            <method name="validateCreateTrialRequest" hits="0" signature="()V">
              <lines>
                <line number="16" hits="0"/>
              </lines>
            </method>
            <method name="(anonymous_1)" hits="0" signature="()V">
              <lines>
                <line number="18" hits="0"/>
              </lines>
            </method>
            <method name="(anonymous_2)" hits="0" signature="()V">
              <lines>
                <line number="26" hits="0"/>
              </lines>
            </method>
            <method name="(anonymous_3)" hits="0" signature="()V">
              <lines>
                <line number="41" hits="0"/>
              </lines>
            </method>
            <method name="(anonymous_4)" hits="0" signature="()V">
              <lines>
                <line number="49" hits="0"/>
              </lines>
            </method>
            <method name="(anonymous_5)" hits="0" signature="()V">
              <lines>
                <line number="55" hits="0"/>
              </lines>
            </method>
          </methods>
          <lines>
            <line number="1" hits="0" branch="false"/>
            <line number="2" hits="0" branch="false"/>
            <line number="3" hits="0" branch="false"/>
            <line number="4" hits="0" branch="false"/>
            <line number="5" hits="0" branch="false"/>
            <line number="6" hits="0" branch="false"/>
            <line number="7" hits="0" branch="false"/>
            <line number="9" hits="0" branch="false"/>
            <line number="15" hits="0" branch="false"/>
            <line number="17" hits="0" branch="false"/>
            <line number="18" hits="0" branch="false"/>
            <line number="19" hits="0" branch="true" condition-coverage="0% (0/2)"/>
            <line number="20" hits="0" branch="false"/>
            <line number="23" hits="0" branch="false"/>
            <line number="25" hits="0" branch="false"/>
            <line number="27" hits="0" branch="false"/>
            <line number="28" hits="0" branch="false"/>
            <line number="29" hits="0" branch="false"/>
            <line number="30" hits="0" branch="false"/>
            <line number="31" hits="0" branch="true" condition-coverage="0% (0/2)"/>
            <line number="32" hits="0" branch="false"/>
            <line number="34" hits="0" branch="false"/>
            <line number="35" hits="0" branch="false"/>
            <line number="36" hits="0" branch="false"/>
            <line number="38" hits="0" branch="false"/>
            <line number="39" hits="0" branch="false"/>
            <line number="42" hits="0" branch="true" condition-coverage="0% (0/2)"/>
            <line number="43" hits="0" branch="false"/>
            <line number="47" hits="0" branch="false"/>
            <line number="48" hits="0" branch="false"/>
            <line number="49" hits="0" branch="false"/>
            <line number="50" hits="0" branch="false"/>
[...]
            <line number="875" hits="0" branch="false"/>
            <line number="882" hits="0" branch="false"/>
            <line number="891" hits="0" branch="true" condition-coverage="0% (0/2)"/>
            <line number="893" hits="0" branch="true" condition-coverage="0% (0/2)"/>
            <line number="894" hits="0" branch="false"/>
            <line number="896" hits="0" branch="false"/>
            <line number="902" hits="0" branch="false"/>
            <line number="911" hits="0" branch="true" condition-coverage="0% (0/2)"/>
            <line number="912" hits="0" branch="true" condition-coverage="0% (0/2)"/>
            <line number="913" hits="0" branch="false"/>
            <line number="915" hits="0" branch="false"/>
            <line number="921" hits="0" branch="false"/>
            <line number="933" hits="0" branch="false"/>
            <line number="934" hits="0" branch="false"/>
            <line number="935" hits="0" branch="true" condition-coverage="0% (0/2)"/>
            <line number="936" hits="0" branch="false"/>
            <line number="938" hits="0" branch="false"/>
            <line number="949" hits="0" branch="false"/>
            <line number="952" hits="0" branch="true" condition-coverage="0% (0/4)"/>
            <line number="953" hits="0" branch="false"/>
            <line number="954" hits="0" branch="false"/>
            <line number="955" hits="0" branch="false"/>
            <line number="956" hits="0" branch="false"/>
            <line number="958" hits="0" branch="true" condition-coverage="0% (0/2)"/>
            <line number="959" hits="0" branch="false"/>
            <line number="960" hits="0" branch="false"/>
            <line number="962" hits="0" branch="true" condition-coverage="0% (0/2)"/>
            <line number="963" hits="0" branch="false"/>
            <line number="966" hits="0" branch="true" condition-coverage="0% (0/2)"/>
            <line number="967" hits="0" branch="false"/>
            <line number="969" hits="0" branch="false"/>
            <line number="971" hits="0" branch="false"/>
            <line number="972" hits="0" branch="false"/>
            <line number="974" hits="0" branch="false"/>
            <line number="986" hits="0" branch="false"/>
            <line number="987" hits="0" branch="false"/>
            <line number="988" hits="0" branch="true" condition-coverage="0% (0/2)"/>
            <line number="989" hits="0" branch="false"/>
            <line number="991" hits="0" branch="false"/>
            <line number="998" hits="0" branch="false"/>
            <line number="1009" hits="0" branch="false"/>
            <line number="1010" hits="0" branch="false"/>
            <line number="1011" hits="0" branch="true" condition-coverage="0% (0/2)"/>
            <line number="1012" hits="0" branch="false"/>
            <line number="1014" hits="0" branch="false"/>
            <line number="1021" hits="0" branch="false"/>
            <line number="1026" hits="0" branch="false"/>
            <line number="1030" hits="0" branch="true" condition-coverage="0% (0/2)"/>
            <line number="1031" hits="0" branch="false"/>
            <line number="1034" hits="0" branch="false"/>
            <line number="1041" hits="0" branch="false"/>
            <line number="1045" hits="0" branch="false"/>
            <line number="1046" hits="0" branch="false"/>
            <line number="1047" hits="0" branch="true" condition-coverage="0% (0/2)"/>
            <line number="1048" hits="0" branch="false"/>
            <line number="1050" hits="0" branch="false"/>
            <line number="1056" hits="0" branch="false"/>
            <line number="1060" hits="0" branch="false"/>
            <line number="1061" hits="0" branch="false"/>
            <line number="1062" hits="0" branch="true" condition-coverage="0% (0/2)"/>
            <line number="1063" hits="0" branch="false"/>
            <line number="1065" hits="0" branch="false"/>
            <line number="1071" hits="0" branch="false"/>
            <line number="1075" hits="0" branch="false"/>
            <line number="1076" hits="0" branch="false"/>
            <line number="1077" hits="0" branch="true" condition-coverage="0% (0/2)"/>
            <line number="1078" hits="0" branch="false"/>
            <line number="1081" hits="0" branch="false"/>
            <line number="1087" hits="0" branch="false"/>
            <line number="1094" hits="0" branch="false"/>
            <line number="1099" hits="0" branch="true" condition-coverage="0% (0/2)"/>
            <line number="1100" hits="0" branch="false"/>
            <line number="1106" hits="0" branch="false"/>
            <line number="1112" hits="0" branch="true" condition-coverage="0% (0/2)"/>
            <line number="1117" hits="0" branch="true" condition-coverage="0% (0/4)"/>
            <line number="1120" hits="0" branch="false"/>
            <line number="1122" hits="0" branch="false"/>
            <line number="1123" hits="0" branch="false"/>
            <line number="1125" hits="0" branch="false"/>
            <line number="1134" hits="0" branch="false"/>
            <line number="1135" hits="0" branch="false"/>
            <line number="1136" hits="0" branch="true" condition-coverage="0% (0/2)"/>
            <line number="1137" hits="0" branch="false"/>
            <line number="1139" hits="0" branch="false"/>
            <line number="1146" hits="0" branch="false"/>
            <line number="1152" hits="0" branch="false"/>
          </lines>
        </class>
        <class name="models.js" filename="src\zuora\models.js" line-rate="0" branch-rate="0">
          <methods>
            <method name="extractRecurringCharges" hits="0" signature="()V">
              <lines>
                <line number="27" hits="0"/>
              </lines>
            </method>
            <method name="(anonymous_1)" hits="0" signature="()V">
              <lines>
                <line number="30" hits="0"/>
              </lines>
            </method>
            <method name="(anonymous_2)" hits="0" signature="()V">
              <lines>
                <line number="38" hits="0"/>
              </lines>
            </method>
            <method name="(anonymous_3)" hits="0" signature="()V">
              <lines>
                <line number="60" hits="0"/>
              </lines>
            </method>
            <method name="(anonymous_4)" hits="0" signature="()V">
              <lines>
                <line number="72" hits="0"/>
              </lines>
            </method>
            <method name="(anonymous_5)" hits="0" signature="()V">
              <lines>
                <line number="73" hits="0"/>
              </lines>
            </method>
            <method name="(anonymous_6)" hits="0" signature="()V">
              <lines>
                <line number="93" hits="0"/>
              </lines>
            </method>
            <method name="(anonymous_7)" hits="0" signature="()V">
              <lines>
                <line number="120" hits="0"/>
              </lines>
            </method>
            <method name="(anonymous_8)" hits="0" signature="()V">
              <lines>
                <line number="132" hits="0"/>
              </lines>
            </method>
            <method name="(anonymous_9)" hits="0" signature="()V">
              <lines>
                <line number="147" hits="0"/>
              </lines>
            </method>
            <method name="(anonymous_10)" hits="0" signature="()V">
              <lines>
                <line number="160" hits="0"/>
              </lines>
            </method>
            <method name="(anonymous_11)" hits="0" signature="()V">
              <lines>
                <line number="173" hits="0"/>
              </lines>
            </method>
            <method name="(anonymous_12)" hits="0" signature="()V">
              <lines>
                <line number="182" hits="0"/>
              </lines>
            </method>
            <method name="(anonymous_13)" hits="0" signature="()V">
              <lines>
                <line number="199" hits="0"/>
              </lines>
            </method>
            <method name="(anonymous_14)" hits="0" signature="()V">
              <lines>
                <line number="212" hits="0"/>
              </lines>
            </method>
            <method name="(anonymous_15)" hits="0" signature="()V">
              <lines>
                <line number="250" hits="0"/>
              </lines>
            </method>
            <method name="(anonymous_16)" hits="0" signature="()V">
              <lines>
                <line number="268" hits="0"/>
              </lines>
            </method>
            <method name="(anonymous_17)" hits="0" signature="()V">
              <lines>
                <line number="271" hits="0"/>
              </lines>
            </method>
            <method name="(anonymous_18)" hits="0" signature="()V">
              <lines>
                <line number="315" hits="0"/>
              </lines>
            </method>
            <method name="(anonymous_19)" hits="0" signature="()V">
              <lines>
                <line number="372" hits="0"/>
              </lines>
            </method>
            <method name="(anonymous_20)" hits="0" signature="()V">
              <lines>
                <line number="396" hits="0"/>
              </lines>
            </method>
            <method name="(anonymous_21)" hits="0" signature="()V">
              <lines>
                <line number="455" hits="0"/>
              </lines>
            </method>
            <method name="(anonymous_22)" hits="0" signature="()V">
              <lines>
                <line number="472" hits="0"/>
              </lines>
            </method>
            <method name="(anonymous_23)" hits="0" signature="()V">
              <lines>
                <line number="487" hits="0"/>
              </lines>
            </method>
            <method name="(anonymous_24)" hits="0" signature="()V">
              <lines>
                <line number="524" hits="0"/>
              </lines>
            </method>
            <method name="(anonymous_25)" hits="0" signature="()V">
              <lines>
                <line number="559" hits="0"/>
              </lines>
            </method>
          </methods>
          <lines>
            <line number="1" hits="0" branch="false"/>
            <line number="2" hits="0" branch="false"/>
            <line number="3" hits="0" branch="false"/>
            <line number="7" hits="0" branch="false"/>
            <line number="9" hits="0" branch="false"/>
            <line number="10" hits="0" branch="false"/>
            <line number="11" hits="0" branch="false"/>
            <line number="25" hits="0" branch="false"/>
            <line number="28" hits="0" branch="false"/>
            <line number="29" hits="0" branch="false"/>
            <line number="30" hits="0" branch="true" condition-coverage="0% (0/3)"/>
            <line number="33" hits="0" branch="false"/>
            <line number="45" hits="0" branch="false"/>
            <line number="46" hits="0" branch="false"/>
            <line number="49" hits="0" branch="true" condition-coverage="0% (0/4)"/>
            <line number="50" hits="0" branch="false"/>
            <line number="60" hits="0" branch="false"/>
            <line number="61" hits="0" branch="true" condition-coverage="0% (0/3)"/>
            <line number="64" hits="0" branch="false"/>
            <line number="65" hits="0" branch="true" condition-coverage="0% (0/2)"/>
            <line number="67" hits="0" branch="true" condition-coverage="0% (0/4)"/>
            <line number="68" hits="0" branch="false"/>
            <line number="71" hits="0" branch="false"/>
            <line number="72" hits="0" branch="true" condition-coverage="0% (0/1)"/>
            <line number="73" hits="0" branch="false"/>
            <line number="74" hits="0" branch="true" condition-coverage="0% (0/2)"/>
            <line number="75" hits="0" branch="false"/>
            <line number="78" hits="0" branch="false"/>
            <line number="88" hits="0" branch="false"/>
            <line number="91" hits="0" branch="false"/>
            <line number="92" hits="0" branch="false"/>
            <line number="94" hits="0" branch="true" condition-coverage="0% (0/2)"/>
            <line number="96" hits="0" branch="true" condition-coverage="0% (0/2)"/>
            <line number="97" hits="0" branch="true" condition-coverage="0% (0/2)"/>
            <line number="98" hits="0" branch="false"/>
            <line number="111" hits="0" branch="false"/>
            <line number="113" hits="0" branch="false"/>
            <line number="115" hits="0" branch="false"/>
            <line number="128" hits="0" branch="false"/>
            <line number="130" hits="0" branch="false"/>
            <line number="132" hits="0" branch="false"/>
            <line number="133" hits="0" branch="false"/>
            <line number="147" hits="0" branch="false"/>
            <line number="148" hits="0" branch="false"/>
            <line number="160" hits="0" branch="false"/>
            <line number="161" hits="0" branch="false"/>
            <line number="173" hits="0" branch="false"/>
            <line number="174" hits="0" branch="true" condition-coverage="0% (0/2)"/>
            <line number="175" hits="0" branch="false"/>
            <line number="182" hits="0" branch="false"/>
            <line number="183" hits="0" branch="true" condition-coverage="0% (0/4)"/>
            <line number="184" hits="0" branch="false"/>
            <line number="189" hits="0" branch="true" condition-coverage="0% (0/4)"/>
            <line number="190" hits="0" branch="false"/>
            <line number="194" hits="0" branch="true" condition-coverage="0% (0/2)"/>
            <line number="195" hits="0" branch="false"/>
            <line number="199" hits="0" branch="false"/>
            <line number="201" hits="0" branch="true" condition-coverage="0% (0/5)"/>
            <line number="202" hits="0" branch="false"/>
            <line number="205" hits="0" branch="true" condition-coverage="0% (0/2)"/>
            <line number="206" hits="0" branch="false"/>
            <line number="212" hits="0" branch="false"/>
            <line number="216" hits="0" branch="true" condition-coverage="0% (0/2)"/>
            <line number="218" hits="0" branch="true" condition-coverage="0% (0/2)"/>
            <line number="219" hits="0" branch="false"/>
            <line number="224" hits="0" branch="true" condition-coverage="0% (0/5)"/>
            <line number="225" hits="0" branch="false"/>
            <line number="230" hits="0" branch="true" condition-coverage="0% (0/2)"/>
            <line number="243" hits="0" branch="false"/>
            <line number="250" hits="0" branch="false"/>
            <line number="251" hits="0" branch="true" condition-coverage="0% (0/2)"/>
            <line number="253" hits="0" branch="true" condition-coverage="0% (0/2)"/>
            <line number="256" hits="0" branch="false"/>
            <line number="268" hits="0" branch="false"/>
            <line number="269" hits="0" branch="true" condition-coverage="0% (0/4)"/>
            <line number="271" hits="0" branch="false"/>
            <line number="272" hits="0" branch="false"/>
            <line number="289" hits="0" branch="true" condition-coverage="0% (0/4)"/>
            <line number="291" hits="0" branch="false"/>
            <line number="294" hits="0" branch="false"/>
            <line number="296" hits="0" branch="false"/>
            <line number="297" hits="0" branch="false"/>
            <line number="299" hits="0" branch="false"/>
            <line number="300" hits="0" branch="false"/>
            <line number="301" hits="0" branch="false"/>
            <line number="302" hits="0" branch="false"/>
            <line number="303" hits="0" branch="false"/>
            <line number="304" hits="0" branch="false"/>
            <line number="305" hits="0" branch="false"/>
            <line number="307" hits="0" branch="false"/>
            <line number="310" hits="0" branch="false"/>
            <line number="316" hits="0" branch="false"/>
            <line number="317" hits="0" branch="false"/>
            <line number="319" hits="0" branch="false"/>
            <line number="332" hits="0" branch="true" condition-coverage="0% (0/4)"/>
            <line number="333" hits="0" branch="false"/>
            <line number="345" hits="0" branch="true" condition-coverage="0% (0/2)"/>
            <line number="358" hits="0" branch="false"/>
            <line number="370" hits="0" branch="true" condition-coverage="0% (0/4)"/>
            <line number="372" hits="0" branch="false"/>
            <line number="373" hits="0" branch="false"/>
            <line number="414" hits="0" branch="true" condition-coverage="0% (0/2)"/>
            <line number="416" hits="0" branch="false"/>
            <line number="425" hits="0" branch="true" condition-coverage="0% (0/3)"/>
            <line number="427" hits="0" branch="false"/>
            <line number="429" hits="0" branch="false"/>
            <line number="430" hits="0" branch="false"/>
            <line number="431" hits="0" branch="false"/>
            <line number="433" hits="0" branch="false"/>
            <line number="438" hits="0" branch="false"/>
            <line number="440" hits="0" branch="false"/>
            <line number="452" hits="0" branch="false"/>
            <line number="456" hits="0" branch="false"/>
            <line number="457" hits="0" branch="false"/>
            <line number="459" hits="0" branch="true" condition-coverage="0% (0/2)"/>
            <line number="461" hits="0" branch="true" condition-coverage="0% (0/2)"/>
            <line number="464" hits="0" branch="false"/>
            <line number="466" hits="0" branch="false"/>
            <line number="473" hits="0" branch="false"/>
            <line number="474" hits="0" branch="false"/>
            <line number="475" hits="0" branch="false"/>
            <line number="477" hits="0" branch="false"/>
            <line number="498" hits="0" branch="false"/>
            <line number="500" hits="0" branch="false"/>
            <line number="501" hits="0" branch="false"/>
            <line number="506" hits="0" branch="true" condition-coverage="0% (0/2)"/>
            <line number="507" hits="0" branch="false"/>
            <line number="510" hits="0" branch="false"/>
            <line number="512" hits="0" branch="true" condition-coverage="0% (0/2)"/>
            <line number="513" hits="0" branch="false"/>
            <line number="515" hits="0" branch="false"/>
            <line number="534" hits="0" branch="false"/>
            <line number="535" hits="0" branch="false"/>
            <line number="536" hits="0" branch="false"/>
            <line number="541" hits="0" branch="true" condition-coverage="0% (0/2)"/>
            <line number="543" hits="0" branch="false"/>
            <line number="547" hits="0" branch="true" condition-coverage="0% (0/2)"/>
            <line number="548" hits="0" branch="false"/>
            <line number="550" hits="0" branch="false"/>
            <line number="569" hits="0" branch="false"/>
            <line number="571" hits="0" branch="false"/>
            <line number="573" hits="0" branch="false"/>
            <line number="579" hits="0" branch="true" condition-coverage="0% (0/2)"/>
            <line number="580" hits="0" branch="false"/>
            <line number="584" hits="0" branch="true" condition-coverage="0% (0/2)"/>
            <line number="585" hits="0" branch="false"/>
            <line number="587" hits="0" branch="false"/>
            <line number="592" hits="0" branch="false"/>
          </lines>
        </class>
      </classes>
    </package>
  </packages>
</coverage>
